7.41
10.93
12.69
13.36
14.53
15.66
16.70
17.65
18.47
19.17
19.80
20.40
20.91
21.39
21.80
22.15
22.49
22.82
23.12
23.37
23.61
23.86
24.09
24.29
24.51
24.70
24.87
24.98
25.06
25.20
25.32
25.37
25.49
25.61
25.74
25.85
25.62
25.25
24.72
24.43
23.96
23.79
23.36
22.96
22.77
22.49
22.35
22.03
21.87
21.59
21.50
21.29
21.03
20.97
20.77
20.72
20.49
20.44
20.26
20.21
20.03
19.90
19.83
19.70
19.64
19.52
19.47
19.35
19.32
19.22
19.11
19.09
18.98
18.97
18.83
18.83
18.71
18.65
18.63
18.55
18.52
18.45
18.43
18.35
18.27
18.26
18.19
18.18
18.11
18.09
18.03
18.04
17.96
17.91
17.91
17.84
17.85
17.77
17.76
17.72
17.67
17.67
17.62
17.60
17.55
17.56
17.51
17.48
17.46
17.42
17.42
17.39
17.38
17.33
17.33
17.28
17.26
17.25
17.19
17.21
17.17
17.17
17.14
17.11
17.10
17.08
17.07
17.04
17.04
17.01
17.01
16.96
16.95
16.94
16.91
16.91
16.89
16.89
16.86
16.83
16.84
16.81
16.81
16.78
16.79
16.76
16.75
16.74
16.71
16.71
16.70
16.69
16.67
16.66
16.65
16.62
16.63
16.61
16.61
16.58
16.58
16.57
16.56
16.55
16.54
16.53
16.50
16.51
16.49
16.49
16.48
16.48
16.45
16.44
16.44
16.42
16.42
16.41
16.41
16.40
16.39
16.37
16.39
16.36
16.35
16.35
16.33
16.34
16.32
16.32
16.30
16.31
16.29
16.30
16.28
16.27
16.27
16.25
16.26
16.24
16.25
16.23
16.22
16.22
16.21
16.21
16.20
16.20
16.18
16.19
16.17
16.16
16.16
16.15
16.15
16.14
16.14
16.13
16.14
16.12
16.12
16.11
16.10
16.10
16.10
16.10
16.08
16.08
16.08
16.06
16.07
16.06
16.07
16.05
16.05
16.04
16.05
16.03
16.04
16.02
16.02
16.01
16.01
16.01
16.01
16.01
15.99
15.98
15.98
15.98
15.98
15.97
15.98
15.96
15.97
15.96
15.95
15.95
15.94
15.94
15.93
15.94
15.93
15.92
15.93
15.92
15.92
15.91
15.91
15.90
15.90
15.90
15.89
15.90
15.88
15.89
15.88
15.88
15.87
15.87
15.87
15.85
15.86
15.85
15.86
15.85
15.85
15.85
15.83
15.84
15.84
15.84
15.83
15.84
15.82
15.81
15.82
15.81
15.81
15.80
15.81
15.80
15.80
15.80
15.79
15.79
15.78
15.79
15.78
15.78
15.78
15.77
15.77
15.77
15.77
15.77
15.76
15.76
15.78
15.80
15.82
15.85
15.87
15.89
15.92
15.94
15.96
15.99
16.01
16.03
16.05
16.08
16.10
